<?xml version="1.0" encoding="UTF-8"?>
<!-- Generated by org.testng.reporters.JUnitXMLReporter -->
<testsuite hostname="DELL-PC" ignored="0" name="Default test" tests="10" failures="0" timestamp="13 Oct 2019 07:01:46 GMT" time="138.271" errors="0">
  <testcase name="SignIn" time="7.273" classname="Scripts.TestScripts"/>
  <testcase name="SigninErr" time="5.935" classname="Scripts.TestScripts"/>
  <testcase name="contactUs" time="9.998" classname="Scripts.TestScripts"/>
  <testcase name="createAccErr" time="2.872" classname="Scripts.TestScripts"/>
  <testcase name="createAccount" time="9.006" classname="Scripts.TestScripts"/>
  <testcase name="mouseHoverWomen" time="2.667" classname="Scripts.TestScripts"/>
  <testcase name="myOrder" time="7.759" classname="Scripts.TestScripts"/>
  <testcase name="placeOrder" time="18.321" classname="Scripts.TestScripts"/>
  <testcase name="search" time="1.502" classname="Scripts.TestScripts"/>
  <testcase name="viewCart" time="5.422" classname="Scripts.TestScripts"/>
</testsuite> <!-- Default test -->
