<?xml version="1.0" encoding="UTF-8"?>
<!-- Generated by org.testng.reporters.JUnitXMLReporter -->
<testsuite hostname="DELL-PC" ignored="0" name="Test" tests="10" failures="0" timestamp="13 Oct 2019 07:20:37 GMT" time="125.513" errors="0">
  <testcase name="SignIn" time="6.739" classname="Scripts.TestScripts"/>
  <testcase name="SigninErr" time="2.346" classname="Scripts.TestScripts"/>
  <testcase name="contactUs" time="9.822" classname="Scripts.TestScripts"/>
  <testcase name="createAccErr" time="2.453" classname="Scripts.TestScripts"/>
  <testcase name="createAccount" time="7.766" classname="Scripts.TestScripts"/>
  <testcase name="mouseHoverWomen" time="2.831" classname="Scripts.TestScripts"/>
  <testcase name="myOrder" time="7.689" classname="Scripts.TestScripts"/>
  <testcase name="placeOrder" time="20.843" classname="Scripts.TestScripts"/>
  <testcase name="search" time="1.902" classname="Scripts.TestScripts"/>
  <testcase name="viewCart" time="6.007" classname="Scripts.TestScripts"/>
</testsuite> <!-- Test -->
