<?xml version="1.0" encoding="UTF-8"?>
<!-- Generated by org.testng.reporters.JUnitXMLReporter -->
<testsuite hostname="DELL-PC" name="Test" tests="10" failures="0" timestamp="15 Oct 2019 06:54:50 GMT" time="126.841" errors="0">
  <testcase name="SignIn" time="6.65" classname="Scripts.TestScripts"/>
  <testcase name="SigninErr" time="2.212" classname="Scripts.TestScripts"/>
  <testcase name="contactUs" time="9.121" classname="Scripts.TestScripts"/>
  <testcase name="createAccErr" time="2.168" classname="Scripts.TestScripts"/>
  <testcase name="createAccount" time="8.37" classname="Scripts.TestScripts"/>
  <testcase name="mouseHoverWomen" time="2.773" classname="Scripts.TestScripts"/>
  <testcase name="myOrder" time="7.316" classname="Scripts.TestScripts"/>
  <testcase name="placeOrder" time="21.727" classname="Scripts.TestScripts"/>
  <testcase name="search" time="1.302" classname="Scripts.TestScripts"/>
  <testcase name="viewCart" time="6.435" classname="Scripts.TestScripts"/>
</testsuite> <!-- Test -->
